TN:
SF:src/StreamingStaking.sol
DA:32,3
FN:32,StreamingStaking.constructor
FNDA:3,StreamingStaking.constructor
DA:38,3
DA:39,3
DA:40,3
DA:41,3
DA:43,3
DA:44,3
DA:46,3
DA:49,2
FN:49,StreamingStaking.updateRewards
FNDA:2,StreamingStaking.updateRewards
DA:51,2
DA:52,2
DA:53,2
DA:54,2
DA:57,1
FN:57,StreamingStaking.setRewardRatePerSecond
FNDA:1,StreamingStaking.setRewardRatePerSecond
DA:58,1
DA:59,1
DA:62,0
FN:62,StreamingStaking.updatePool
FNDA:0,StreamingStaking.updatePool
DA:63,5
DA:64,5
BRDA:64,0,0,4
DA:65,4
DA:66,4
DA:69,1
DA:70,1
DA:72,1
DA:73,1
DA:76,2
FN:76,StreamingStaking.onFlowCreated
FNDA:2,StreamingStaking.onFlowCreated
DA:81,2
BRDA:81,1,0,1
BRDA:81,1,1,1
DA:83,1
DA:85,1
DA:87,1
DA:88,1
DA:90,1
DA:96,1
DA:99,1
FN:99,StreamingStaking.onFlowDeleted
FNDA:1,StreamingStaking.onFlowDeleted
DA:107,1
DA:109,1
DA:111,1
DA:112,1
DA:113,1
DA:114,1
DA:116,1
BRDA:116,3,0,1
DA:117,1
DA:118,1
DA:121,1
DA:122,1
DA:124,1
DA:125,1
DA:127,1
FNF:6
FNH:5
LF:48
LH:47
BRF:4
BRH:4
end_of_record
TN:
SF:test/StreamingStaking.t.sol
DA:19,4
FN:19,StakeToken.constructor
FNDA:4,StakeToken.constructor
DA:20,4
DA:23,3
FN:23,StakeToken.mint
FNDA:3,StakeToken.mint
DA:24,3
DA:30,3
FN:30,RewardToken.constructor
FNDA:3,RewardToken.constructor
DA:31,3
DA:34,3
FN:34,RewardToken.mint
FNDA:3,RewardToken.mint
DA:35,3
FNF:4
FNH:4
LF:8
LH:8
BRF:0
BRH:0
end_of_record
